0.10000000000000001 50.0
0.20000000000000001 50.0
0.30000000000000004 50.0
0.40000000000000002 50.0
0.5 50.0
0.59999999999999998 50.0
0.69999999999999996 50.0
0.79999999999999993 50.0
0.89999999999999991 50.0
0.99999999999999989 50.0
1.0999999999999999 50.0
1.2 50.0
1.3 50.0
1.4000000000000001 50.0
1.5000000000000002 50.0
1.6000000000000003 50.0
1.7000000000000004 50.0
1.8000000000000005 50.0
1.9000000000000006 50.0
2.0000000000000004 50.0
2.1000000000000005 50.0
2.2000000000000006 50.0
2.3000000000000007 50.0
2.4000000000000008 50.0
2.5000000000000009 50.0
2.600000000000001 50.0
2.7000000000000011 50.0
2.8000000000000012 50.0
2.9000000000000012 50.0
3.0000000000000013 50.0
3.1000000000000014 50.0
3.2000000000000015 50.0
3.3000000000000016 50.0
3.4000000000000017 50.0
3.5000000000000018 50.0
3.6000000000000019 50.0
3.700000000000002 50.0
3.800000000000002 50.0
3.9000000000000021 50.0
4.0000000000000018 50.0
4.1000000000000014 50.0
4.2000000000000011 50.0
4.3000000000000007 50.0
4.4000000000000004 50.0
4.5 50.0
4.5999999999999996 50.0
4.6999999999999993 50.0
4.7999999999999989 50.0
4.8999999999999986 50.0
4.9999999999999982 50.0
5.0999999999999979 50.0
