0 0 1 0 0 0 0 0 0 0 0
0.10000000000000001 0 1 0.0 49.583333333333307 120 120 0 12000 12000 0
0.20000000000000001 0 1 0.0 49.999999999999901 241 241 0 24100 24100 0
0.30000000000000004 0 1 0.0 50.000000000000128 360 360 0 36000 36000 0
0.40000000000000002 0 1 0.0 50.000000000000156 480 480 0 48000 48000 0
0.5 0 1 0.0 50.000000000000156 600 600 0 60000 60000 0
0.59999999999999998 0 1 0.0 50.000000000000163 720 720 0 72000 72000 0
0.69999999999999996 0 1 0.0 50.000000000000156 840 840 0 84000 84000 0
0.79999999999999993 0 1 0.0 50.000000000000156 960 960 0 96000 96000 0
0.89999999999999991 0 1 0.0 50.000000000000156 1080 1080 0 108000 108000 0
0.99999999999999989 0 1 0.0 50.000000000000163 1200 1200 0 120000 120000 0
1.0999999999999999 0 1 0.0 50.000000000000099 1320 1320 0 132000 132000 0
1.2 0 1 0.0 50.000000000000107 1441 1441 0 144100 144100 0
1.3 0 1 0.0 50.000000000000099 1561 1561 0 156100 156100 0
1.4000000000000001 0 1 0.0 50.000000000000107 1681 1681 0 168100 168100 0
1.5000000000000002 0 1 0.0 50.000000000000099 1801 1801 0 180100 180100 0
1.6000000000000003 0 1 0.0 50.000000000000107 1921 1921 0 192100 192100 0
1.7000000000000004 0 1 0.0 50.000000000000099 2041 2041 0 204100 204100 0
1.8000000000000005 0 1 0.0 50.000000000000107 2161 2161 0 216100 216100 0
1.9000000000000006 0 1 0.0 50.000000000000099 2281 2281 0 228100 228100 0
2.0000000000000004 0 1 0.0 50.000000000000099 2401 2401 0 240100 240100 0
2.1000000000000005 0 1 0.0 50.0 2521 2521 0 252100 252100 0
2.2000000000000006 0 1 0.0 50.0 2641 2641 0 264100 264100 0
2.3000000000000007 0 1 0.0 50.0 2761 2761 0 276100 276100 0
2.4000000000000008 0 1 0.0 50.0 2881 2881 0 288100 288100 0
2.5000000000000009 0 1 0.0 50.0 3001 3001 0 300100 300100 0
2.600000000000001 0 1 0.0 50.0 3121 3121 0 312100 312100 0
2.7000000000000011 0 1 0.0 50.0 3240 3240 0 324000 324000 0
2.8000000000000012 0 1 0.0 50.0 3360 3360 0 336000 336000 0
2.9000000000000012 0 1 0.0 50.0 3480 3480 0 348000 348000 0
3.0000000000000013 0 1 0.0 50.0 3600 3600 0 360000 360000 0
3.1000000000000014 0 1 0.0 50.0 3720 3720 0 372000 372000 0
3.2000000000000015 0 1 0.0 50.0 3840 3840 0 384000 384000 0
3.3000000000000016 0 1 0.0 50.0 3960 3960 0 396000 396000 0
3.4000000000000017 0 1 0.0 50.0 4080 4080 0 408000 408000 0
3.5000000000000018 0 1 0.0 50.0 4200 4200 0 420000 420000 0
3.6000000000000019 0 1 0.0 50.0 4320 4320 0 432000 432000 0
3.700000000000002 0 1 0.0 50.0 4440 4440 0 444000 444000 0
3.800000000000002 0 1 0.0 50.0 4560 4560 0 456000 456000 0
3.9000000000000021 0 1 0.0 50.0 4680 4680 0 468000 468000 0
4.0000000000000018 0 1 0.0 50.0 4800 4800 0 480000 480000 0
4.1000000000000014 0 1 0.0 50.0 4920 4920 0 492000 492000 0
4.2000000000000011 0 1 0.0 50.0 5040 5040 0 504000 504000 0
4.3000000000000007 0 1 0.0 50.0 5160 5160 0 516000 516000 0
4.4000000000000004 0 1 0.0 50.0 5280 5280 0 528000 528000 0
4.5 0 1 0.0 50.0 5400 5400 0 540000 540000 0
4.5999999999999996 0 1 0.0 50.0 5520 5520 0 552000 552000 0
4.6999999999999993 0 1 0.0 50.0 5640 5640 0 564000 564000 0
4.7999999999999989 0 1 0.0 50.0 5760 5760 0 576000 576000 0
4.8999999999999986 0 1 0.0 50.0 5880 5880 0 588000 588000 0
4.9999999999999982 0 1 0.0 50.0 6000 6000 0 600000 600000 0
